<?xml version="1.0" encoding="UTF-8"?>
<!-- Generated by org.testng.reporters.JUnitXMLReporter -->
<testsuite ignored="0" hostname="DESKTOP-P1434LQ" failures="0" tests="5" name="Default test" time="2.93" errors="0" timestamp="22 Sept 2024 16:11:12 GMT">
  <testcase classname="ResAssuredProject3.EndToEndTest" name="TC01_GetAllEmployee" time="1.744"/>
  <testcase classname="ResAssuredProject3.EndToEndTest" name="TC02_GetSingleEmployee" time="0.025"/>
  <testcase classname="ResAssuredProject3.EndToEndTest" name="TC03_CreateEmployee" time="1.083"/>
  <testcase classname="ResAssuredProject3.EndToEndTest" name="TC04_DeleteEmployee" time="0.021"/>
  <testcase classname="ResAssuredProject3.EndToEndTest" name="TC05_TestDeletedEmployee" time="0.014"/>
</testsuite> <!-- Default test -->
