<?xml version="1.0" encoding="UTF-8"?>
<!-- Generated by org.testng.reporters.JUnitXMLReporter -->
<testsuite ignored="2" hostname="DESKTOP-P1434LQ" failures="0" tests="1" name="Default test" time="2.105" errors="0" timestamp="26 Sept 2024 15:32:54 GMT">
  <testcase classname="ResAssuredProject3.ReqResTest" name="PostEmployee" time="2.073"/>
  <testcase classname="ResAssuredProject3.ReqResTest" name="GetAllEmployees" time="0.0">
    <ignored/>
  </testcase> <!-- GetAllEmployees -->
  <testcase classname="ResAssuredProject3.ReqResTest" name="GetSingleEmployee" time="0.0">
    <ignored/>
  </testcase> <!-- GetSingleEmployee -->
</testsuite> <!-- Default test -->
