<?xml version="1.0" encoding="UTF-8"?>
<testng-results ignored="2" total="3" passed="1" failed="0" skipped="0">
  <reporter-output>
  </reporter-output>
  <suite started-at="2024-09-26T15:32:52Z" name="Default suite" finished-at="2024-09-26T15:32:54Z" duration-ms="2105">
    <groups>
    </groups>
    <test started-at="2024-09-26T15:32:52Z" name="Default test" finished-at="2024-09-26T15:32:54Z" duration-ms="2105">
      <class name="ResAssuredProject3.ReqResTest">
        <test-method signature="PostEmployee()[pri:0, instance:ResAssuredProject3.ReqResTest@63f259c3]" started-at="2024-09-26T15:32:52Z" name="PostEmployee" finished-at="2024-09-26T15:32:54Z" duration-ms="2073" status="PASS">
          <reporter-output>
          </reporter-output>
        </test-method> <!-- PostEmployee -->
      </class> <!-- ResAssuredProject3.ReqResTest -->
    </test> <!-- Default test -->
  </suite> <!-- Default suite -->
</testng-results>
